<?xml version="1.0" encoding="UTF-8"?>
<robot generator="Robot 3.1.2 (Python 3.8.2 on win32)" generated="20201126 15:12:54.764" rpa="false">
<suite id="s1" name="TestSuite1" source="C:\Users\Janne\eclipse-workspace\RobotProjectJanne\Test\TestSuite1.robot">
<kw name="Log" library="BuiltIn" type="setup">
<doc>Logs the given message with the given level.</doc>
<arguments>
<arg>I am inside Test Suite Setup</arg>
</arguments>
<msg timestamp="20201126 15:12:55.061" level="INFO">I am inside Test Suite Setup</msg>
<status status="PASS" starttime="20201126 15:12:55.060" endtime="20201126 15:12:55.061"></status>
</kw>
<test id="s1-t1" name="MyFirstTest">
<kw name="Log" library="BuiltIn" type="setup">
<doc>Logs the given message with the given level.</doc>
<arguments>
<arg>I am inside Test Setup</arg>
</arguments>
<msg timestamp="20201126 15:12:55.062" level="INFO">I am inside Test Setup</msg>
<status status="PASS" starttime="20201126 15:12:55.062" endtime="20201126 15:12:55.062"></status>
</kw>
<kw name="Log" library="BuiltIn">
<doc>Logs the given message with the given level.</doc>
<arguments>
<arg>Hello World...</arg>
</arguments>
<msg timestamp="20201126 15:12:55.063" level="INFO">Hello World...</msg>
<status status="PASS" starttime="20201126 15:12:55.063" endtime="20201126 15:12:55.063"></status>
</kw>
<kw name="Log" library="BuiltIn" type="teardown">
<doc>Logs the given message with the given level.</doc>
<arguments>
<arg>I am inside Test teardown</arg>
</arguments>
<msg timestamp="20201126 15:12:55.064" level="INFO">I am inside Test teardown</msg>
<status status="PASS" starttime="20201126 15:12:55.064" endtime="20201126 15:12:55.064"></status>
</kw>
<tags>
<tag>smoke</tag>
</tags>
<status status="PASS" starttime="20201126 15:12:55.061" endtime="20201126 15:12:55.065" critical="yes"></status>
</test>
<kw name="Log" library="BuiltIn" type="teardown">
<doc>Logs the given message with the given level.</doc>
<arguments>
<arg>I am inside Test suite Teardown</arg>
</arguments>
<msg timestamp="20201126 15:12:55.068" level="INFO">I am inside Test suite Teardown</msg>
<status status="PASS" starttime="20201126 15:12:55.068" endtime="20201126 15:12:55.068"></status>
</kw>
<status status="PASS" starttime="20201126 15:12:54.766" endtime="20201126 15:12:55.068"></status>
</suite>
<statistics>
<total>
<stat pass="1" fail="0">Critical Tests</stat>
<stat pass="1" fail="0">All Tests</stat>
</total>
<tag>
<stat pass="1" fail="0">smoke</stat>
</tag>
<suite>
<stat pass="1" fail="0" id="s1" name="TestSuite1">TestSuite1</stat>
</suite>
</statistics>
<errors>
</errors>
</robot>
