<?xml version="1.0" encoding="UTF-8"?>
<robot generator="Robot 3.1.2 (Python 3.8.2 on win32)" generated="20200615 15:44:13.489" rpa="false">
<suite id="s1" name="RobotJanneFirst" source="C:\Users\Janne\ECLIPSE2\RobotJanneFirst">
<suite id="s1-s1" name="TEST1" source="C:\Users\Janne\ECLIPSE2\RobotJanneFirst\TEST1">
<suite id="s1-s1-s1" name="Hello" source="C:\Users\Janne\ECLIPSE2\RobotJanneFirst\TEST1\Hello.robot">
<kw name="Log" library="BuiltIn" type="setup">
<doc>Logs the given message with the given level.</doc>
<arguments>
<arg>I am inside Test Suite Setup</arg>
</arguments>
<msg timestamp="20200615 15:44:13.863" level="INFO">I am inside Test Suite Setup</msg>
<status status="PASS" starttime="20200615 15:44:13.862" endtime="20200615 15:44:13.863"></status>
</kw>
<test id="s1-s1-s1-t1" name="MyFirstTest">
<kw name="Log" library="BuiltIn" type="setup">
<doc>Logs the given message with the given level.</doc>
<arguments>
<arg>I am inside Test Setup</arg>
</arguments>
<msg timestamp="20200615 15:44:13.865" level="INFO">I am inside Test Setup</msg>
<status status="PASS" starttime="20200615 15:44:13.865" endtime="20200615 15:44:13.866"></status>
</kw>
<kw name="Log" library="BuiltIn">
<doc>Logs the given message with the given level.</doc>
<arguments>
<arg>Hello World...</arg>
</arguments>
<msg timestamp="20200615 15:44:13.867" level="INFO">Hello World...</msg>
<status status="PASS" starttime="20200615 15:44:13.866" endtime="20200615 15:44:13.867"></status>
</kw>
<kw name="Log" library="BuiltIn" type="teardown">
<doc>Logs the given message with the given level.</doc>
<arguments>
<arg>I am inside Test Tear Down</arg>
</arguments>
<msg timestamp="20200615 15:44:13.868" level="INFO">I am inside Test Tear Down</msg>
<status status="PASS" starttime="20200615 15:44:13.867" endtime="20200615 15:44:13.869"></status>
</kw>
<tags>
<tag>Sanity</tag>
</tags>
<status status="PASS" starttime="20200615 15:44:13.864" endtime="20200615 15:44:13.869" critical="yes"></status>
</test>
<test id="s1-s1-s1-t2" name="FirstSeleniumTest">
<kw name="Log" library="BuiltIn" type="setup">
<doc>Logs the given message with the given level.</doc>
<arguments>
<arg>I am inside Test Setup</arg>
</arguments>
<msg timestamp="20200615 15:44:13.871" level="INFO">I am inside Test Setup</msg>
<status status="PASS" starttime="20200615 15:44:13.870" endtime="20200615 15:44:13.871"></status>
</kw>
<kw name="Open Browser" library="SeleniumLibrary">
<doc>Opens a new browser instance to the optional ``url``.</doc>
<arguments>
<arg>https://google.com</arg>
<arg>chrome</arg>
</arguments>
<msg timestamp="20200615 15:44:13.872" level="INFO">Opening browser 'chrome' to base url 'https://google.com'.</msg>
<status status="PASS" starttime="20200615 15:44:13.872" endtime="20200615 15:44:25.156"></status>
</kw>
<kw name="Set Browser Implicit Wait" library="SeleniumLibrary">
<doc>Sets the implicit wait value used by Selenium.</doc>
<arguments>
<arg>5</arg>
</arguments>
<status status="PASS" starttime="20200615 15:44:25.157" endtime="20200615 15:44:25.159"></status>
</kw>
<kw name="Input Text" library="SeleniumLibrary">
<doc>Types the given ``text`` into the text field identified by ``locator``.</doc>
<arguments>
<arg>name=q</arg>
<arg>Automation step by step</arg>
</arguments>
<msg timestamp="20200615 15:44:25.160" level="INFO">Typing text 'Automation step by step' into text field 'name=q'.</msg>
<status status="PASS" starttime="20200615 15:44:25.160" endtime="20200615 15:44:25.541"></status>
</kw>
<kw name="Press Keys" library="SeleniumLibrary">
<doc>Simulates the user pressing key(s) to an element or on the active browser.</doc>
<arguments>
<arg>name=q</arg>
<arg>ENTER</arg>
</arguments>
<msg timestamp="20200615 15:44:25.543" level="INFO">Sending key(s) ('ENTER',) to name=q element.</msg>
<msg timestamp="20200615 15:44:25.827" level="INFO">Pressing special key ENTER to element.</msg>
<msg timestamp="20200615 15:44:25.827" level="INFO">Releasing special key ENTER.</msg>
<status status="PASS" starttime="20200615 15:44:25.542" endtime="20200615 15:44:27.569"></status>
</kw>
<kw name="Sleep" library="BuiltIn">
<doc>Pauses the test executed for the given time.</doc>
<arguments>
<arg>2</arg>
</arguments>
<msg timestamp="20200615 15:44:29.572" level="INFO">Slept 2 seconds</msg>
<status status="PASS" starttime="20200615 15:44:27.570" endtime="20200615 15:44:29.573"></status>
</kw>
<kw name="Close Browser" library="SeleniumLibrary">
<doc>Closes the current browser.</doc>
<status status="PASS" starttime="20200615 15:44:29.574" endtime="20200615 15:44:32.077"></status>
</kw>
<kw name="Log" library="BuiltIn">
<doc>Logs the given message with the given level.</doc>
<arguments>
<arg>Test Completed</arg>
</arguments>
<msg timestamp="20200615 15:44:32.079" level="INFO">Test Completed</msg>
<status status="PASS" starttime="20200615 15:44:32.078" endtime="20200615 15:44:32.080"></status>
</kw>
<kw name="Log" library="BuiltIn" type="teardown">
<doc>Logs the given message with the given level.</doc>
<arguments>
<arg>I am inside Test Tear Down</arg>
</arguments>
<msg timestamp="20200615 15:44:32.082" level="INFO">I am inside Test Tear Down</msg>
<status status="PASS" starttime="20200615 15:44:32.081" endtime="20200615 15:44:32.082"></status>
</kw>
<tags>
<tag>Sanity</tag>
</tags>
<status status="PASS" starttime="20200615 15:44:13.870" endtime="20200615 15:44:32.083" critical="yes"></status>
</test>
<test id="s1-s1-s1-t3" name="SampleLoginTest">
<kw name="Log" library="BuiltIn" type="setup">
<doc>Logs the given message with the given level.</doc>
<arguments>
<arg>I am inside Test Setup</arg>
</arguments>
<msg timestamp="20200615 15:44:32.087" level="INFO">I am inside Test Setup</msg>
<status status="PASS" starttime="20200615 15:44:32.086" endtime="20200615 15:44:32.087"></status>
</kw>
<kw name="Open Browser" library="SeleniumLibrary">
<doc>Opens a new browser instance to the optional ``url``.</doc>
<arguments>
<arg>${URL}</arg>
<arg>chrome</arg>
</arguments>
<msg timestamp="20200615 15:44:32.089" level="INFO">Opening browser 'chrome' to base url 'https://opensource-demo.orangehrmlive.com/'.</msg>
<status status="PASS" starttime="20200615 15:44:32.088" endtime="20200615 15:44:43.287"></status>
</kw>
<kw name="Set Browser Implicit Wait" library="SeleniumLibrary">
<doc>Sets the implicit wait value used by Selenium.</doc>
<arguments>
<arg>5</arg>
</arguments>
<status status="PASS" starttime="20200615 15:44:43.288" endtime="20200615 15:44:43.291"></status>
</kw>
<kw name="LoginKW">
<kw name="Input Text" library="SeleniumLibrary">
<doc>Types the given ``text`` into the text field identified by ``locator``.</doc>
<arguments>
<arg>id=txtUsername</arg>
<arg>@{CREDENTIALS}[0]</arg>
</arguments>
<msg timestamp="20200615 15:44:43.293" level="INFO">Typing text 'Admin' into text field 'id=txtUsername'.</msg>
<status status="PASS" starttime="20200615 15:44:43.292" endtime="20200615 15:44:43.440"></status>
</kw>
<kw name="Input Password" library="SeleniumLibrary">
<doc>Types the given password into the text field identified by ``locator``.</doc>
<arguments>
<arg>id=txtPassword</arg>
<arg>&amp;{LGOINDATA}[password]</arg>
</arguments>
<msg timestamp="20200615 15:44:43.441" level="INFO">Typing password into text field 'id=txtPassword'.</msg>
<msg timestamp="20200615 15:44:43.500" level="INFO">Temporally setting log level to: NONE</msg>
<msg timestamp="20200615 15:44:43.589" level="INFO">Log level changed from NONE to INFO.</msg>
<status status="PASS" starttime="20200615 15:44:43.440" endtime="20200615 15:44:43.589"></status>
</kw>
<kw name="Click Button" library="SeleniumLibrary">
<doc>Clicks the button identified by ``locator``.</doc>
<arguments>
<arg>id=btnLogin</arg>
</arguments>
<msg timestamp="20200615 15:44:43.590" level="INFO">Clicking button 'id=btnLogin'.</msg>
<status status="PASS" starttime="20200615 15:44:43.590" endtime="20200615 15:44:49.572"></status>
</kw>
<status status="PASS" starttime="20200615 15:44:43.291" endtime="20200615 15:44:49.573"></status>
</kw>
<kw name="Click Element" library="SeleniumLibrary">
<doc>Click the element identified by ``locator``.</doc>
<arguments>
<arg>id=welcome</arg>
</arguments>
<msg timestamp="20200615 15:44:49.575" level="INFO">Clicking element 'id=welcome'.</msg>
<status status="PASS" starttime="20200615 15:44:49.574" endtime="20200615 15:44:49.740"></status>
</kw>
<kw name="Click Element" library="SeleniumLibrary">
<doc>Click the element identified by ``locator``.</doc>
<arguments>
<arg>link=Logout</arg>
</arguments>
<msg timestamp="20200615 15:44:49.741" level="INFO">Clicking element 'link=Logout'.</msg>
<kw name="Capture Page Screenshot" library="SeleniumLibrary">
<doc>Takes a screenshot of the current page and embeds it into a log file.</doc>
<msg timestamp="20200615 15:44:55.285" level="INFO" html="yes">&lt;/td&gt;&lt;/tr&gt;&lt;tr&gt;&lt;td colspan="3"&gt;&lt;a href="selenium-screenshot-11.png"&gt;&lt;img src="selenium-screenshot-11.png" width="800px"&gt;&lt;/a&gt;</msg>
<status status="PASS" starttime="20200615 15:44:54.783" endtime="20200615 15:44:55.285"></status>
</kw>
<msg timestamp="20200615 15:44:55.373" level="FAIL">Element with locator 'link=Logout' not found.</msg>
<status status="FAIL" starttime="20200615 15:44:49.740" endtime="20200615 15:44:55.373"></status>
</kw>
<kw name="Log" library="BuiltIn" type="teardown">
<doc>Logs the given message with the given level.</doc>
<arguments>
<arg>I am inside Test Tear Down</arg>
</arguments>
<msg timestamp="20200615 15:44:55.374" level="INFO">I am inside Test Tear Down</msg>
<status status="PASS" starttime="20200615 15:44:55.374" endtime="20200615 15:44:55.375"></status>
</kw>
<doc>This is a sample Login Test</doc>
<tags>
<tag>Sanity</tag>
</tags>
<status status="FAIL" starttime="20200615 15:44:32.084" endtime="20200615 15:44:55.375" critical="yes">Element with locator 'link=Logout' not found.</status>
</test>
<kw name="Log" library="BuiltIn" type="teardown">
<doc>Logs the given message with the given level.</doc>
<arguments>
<arg>I am insid Test Suite Teardown</arg>
</arguments>
<msg timestamp="20200615 15:44:55.377" level="INFO">I am insid Test Suite Teardown</msg>
<status status="PASS" starttime="20200615 15:44:55.376" endtime="20200615 15:44:55.377"></status>
</kw>
<status status="FAIL" starttime="20200615 15:44:13.596" endtime="20200615 15:44:55.377"></status>
</suite>
<status status="FAIL" starttime="20200615 15:44:13.592" endtime="20200615 15:44:55.383"></status>
</suite>
<status status="FAIL" starttime="20200615 15:44:13.543" endtime="20200615 15:44:55.388"></status>
</suite>
<statistics>
<total>
<stat pass="2" fail="1">Critical Tests</stat>
<stat pass="2" fail="1">All Tests</stat>
</total>
<tag>
<stat pass="2" fail="1">Sanity</stat>
</tag>
<suite>
<stat pass="2" fail="1" id="s1" name="RobotJanneFirst">RobotJanneFirst</stat>
<stat pass="2" fail="1" id="s1-s1" name="TEST1">RobotJanneFirst.TEST1</stat>
<stat pass="2" fail="1" id="s1-s1-s1" name="Hello">RobotJanneFirst.TEST1.Hello</stat>
</suite>
</statistics>
<errors>
</errors>
</robot>
